Using pre-set license
Built from '2020.3/staging' branch; Version is '2020.3.0f1 (c7b5465681fb) revision 13088070'; Using compiler version '192528614'; Build Type 'Release'
OS: 'Windows 10 Pro; OS build 19043.1288; Version 2009; 64bit' Language: 'pt' Physical Memory: 16333 MB
BatchMode: 1, IsHumanControllingUs: 0, StartBugReporterOnCrash: 0, Is64bit: 1, IsPro: 0

 COMMAND LINE ARGUMENTS:
C:\Program Files\Unity\Hub\Editor\2020.3.0f1\Editor\Unity.exe
-adb2
-batchMode
-noUpm
-name
AssetImportWorker1
-projectPath
C:/Users/Vinicius Paulo/Desktop/Desenvolvimento de games/ProjetosProprios/Noteleks - The Skeleton Hunter
-logFile
Logs/AssetImportWorker1.log
-srvPort
50710
Successfully changed project path to: C:/Users/Vinicius Paulo/Desktop/Desenvolvimento de games/ProjetosProprios/Noteleks - The Skeleton Hunter
C:/Users/Vinicius Paulo/Desktop/Desenvolvimento de games/ProjetosProprios/Noteleks - The Skeleton Hunter
Using Asset Import Pipeline V2.
Refreshing native plugins compatible for Editor in 41.89 ms, found 0 plugins.
Preloading 0 native plugins for Editor in 0.00 ms.
Initialize engine version: 2020.3.0f1 (c7b5465681fb)
[Subsystems] Discovering subsystems at path C:/Program Files/Unity/Hub/Editor/2020.3.0f1/Editor/Data/Resources/UnitySubsystems
[Subsystems] Discovering subsystems at path C:/Users/Vinicius Paulo/Desktop/Desenvolvimento de games/ProjetosProprios/Noteleks - The Skeleton Hunter/Assets
GfxDevice: creating device client; threaded=0
Direct3D:
    Version:  Direct3D 11.0 [level 11.1]
    Renderer: NVIDIA GeForce GTX 1060 6GB (ID=0x1c03)
    Vendor:   
    VRAM:     6052 MB
    Driver:   30.0.14.7212
Initialize mono
Mono path[0] = 'C:/Program Files/Unity/Hub/Editor/2020.3.0f1/Editor/Data/Managed'
Mono path[1] = 'C:/Program Files/Unity/Hub/Editor/2020.3.0f1/Editor/Data/MonoBleedingEdge/lib/mono/unityjit'
Mono config path = 'C:/Program Files/Unity/Hub/Editor/2020.3.0f1/Editor/Data/MonoBleedingEdge/etc'
Using monoOptions --debugger-agent=transport=dt_socket,embedding=1,server=y,suspend=n,address=127.0.0.1:56036
Begin MonoManager ReloadAssembly
Registering precompiled unity dll's ...
Register platform support module: C:/Program Files/Unity/Hub/Editor/2020.3.0f1/Editor/Data/PlaybackEngines/WebGLSupport/UnityEditor.WebGL.Extensions.dll
Register platform support module: C:/Program Files/Unity/Hub/Editor/2020.3.0f1/Editor/Data/PlaybackEngines/WindowsStandaloneSupport/UnityEditor.WindowsStandalone.Extensions.dll
Registered in 0.002889 seconds.
Native extension for WindowsStandalone target not found
Native extension for WebGL target not found
Refreshing native plugins compatible for Editor in 42.15 ms, found 0 plugins.
Preloading 0 native plugins for Editor in 0.00 ms.
Invoked RoslynAnalysisRunner static constructor.
RoslynAnalysisRunner will not be running.
RoslynAnalysisRunner has terminated.
Mono: successfully reloaded assembly
- Completed reload, in  3.263 seconds
Platform modules already initialized, skipping
Registering precompiled user dll's ...
Registered in 0.000873 seconds.
Begin MonoManager ReloadAssembly
Native extension for WindowsStandalone target not found
Native extension for WebGL target not found
Refreshing native plugins compatible for Editor in 49.33 ms, found 0 plugins.
Preloading 0 native plugins for Editor in 0.00 ms.
Invoked RoslynAnalysisRunner static constructor.
RoslynAnalysisRunner will not be running.
RoslynAnalysisRunner has terminated.
Mono: successfully reloaded assembly
- Completed reload, in  1.096 seconds
Platform modules already initialized, skipping
========================================================================
Worker process is ready to serve import requests
Launched and connected shader compiler UnityShaderCompiler.exe after 0.28 seconds
Refreshing native plugins compatible for Editor in 0.37 ms, found 0 plugins.
Preloading 0 native plugins for Editor in 0.00 ms.
Unloading 1642 Unused Serialized files (Serialized files now loaded: 0)
System memory in use before: 163.0 MB.
System memory in use after: 163.1 MB.

Unloading 12 unused Assets to reduce memory usage. Loaded Objects now: 2117.
Total: 1.753100 ms (FindLiveObjects: 0.163900 ms CreateObjectMapping: 0.059000 ms MarkObjects: 1.416300 ms  DeleteObjects: 0.112800 ms)

========================================================================
Received Import Request.
  path: Assets/Scenes/Cemetery.unity
  artifactKey: Guid(9fc0d4010bbf28b4594072e72b8655ab) Importer(815301076,1909f56bfc062723c751e8b465ee728b)
Start importing Assets/Scenes/Cemetery.unity using Guid(9fc0d4010bbf28b4594072e72b8655ab) Importer(815301076,1909f56bfc062723c751e8b465ee728b)  -> (artifact id: 'de3ea1a7afaf65cb532128e8142b8858') in 0.023422 seconds
  Import took 0.029016 seconds .

========================================================================
Received Prepare
Registering precompiled user dll's ...
Registered in 0.000954 seconds.
Begin MonoManager ReloadAssembly
Native extension for WindowsStandalone target not found
Native extension for WebGL target not found
Refreshing native plugins compatible for Editor in 0.40 ms, found 0 plugins.
Preloading 0 native plugins for Editor in 0.00 ms.
Invoked RoslynAnalysisRunner static constructor.
RoslynAnalysisRunner will not be running.
RoslynAnalysisRunner has terminated.
Mono: successfully reloaded assembly
- Completed reload, in  1.383 seconds
Platform modules already initialized, skipping
Refreshing native plugins compatible for Editor in 0.38 ms, found 0 plugins.
Preloading 0 native plugins for Editor in 0.00 ms.
Unloading 1618 Unused Serialized files (Serialized files now loaded: 0)
System memory in use before: 161.7 MB.
System memory in use after: 161.8 MB.

Unloading 5 unused Assets to reduce memory usage. Loaded Objects now: 2120.
Total: 1.764000 ms (FindLiveObjects: 0.155900 ms CreateObjectMapping: 0.055200 ms MarkObjects: 1.503700 ms  DeleteObjects: 0.048300 ms)

========================================================================
Received Prepare
Registering precompiled user dll's ...
Registered in 0.000907 seconds.
Begin MonoManager ReloadAssembly
Native extension for WindowsStandalone target not found
Native extension for WebGL target not found
Refreshing native plugins compatible for Editor in 0.38 ms, found 0 plugins.
Preloading 0 native plugins for Editor in 0.00 ms.
Invoked RoslynAnalysisRunner static constructor.
RoslynAnalysisRunner will not be running.
RoslynAnalysisRunner has terminated.
Mono: successfully reloaded assembly
- Completed reload, in  0.882 seconds
Platform modules already initialized, skipping
Refreshing native plugins compatible for Editor in 0.38 ms, found 0 plugins.
Preloading 0 native plugins for Editor in 0.00 ms.
Unloading 1618 Unused Serialized files (Serialized files now loaded: 0)
System memory in use before: 161.7 MB.
System memory in use after: 161.8 MB.

Unloading 5 unused Assets to reduce memory usage. Loaded Objects now: 2123.
Total: 1.899900 ms (FindLiveObjects: 0.213400 ms CreateObjectMapping: 0.080500 ms MarkObjects: 1.588600 ms  DeleteObjects: 0.015900 ms)

========================================================================
Received Import Request.
  Time since last request: 579.898442 seconds.
  path: Assets/Scenes/Menu.unity
  artifactKey: Guid(1eb2dbe67cff97445ab0650bb141d63a) Importer(815301076,1909f56bfc062723c751e8b465ee728b)
Start importing Assets/Scenes/Menu.unity using Guid(1eb2dbe67cff97445ab0650bb141d63a) Importer(815301076,1909f56bfc062723c751e8b465ee728b)  -> (artifact id: '73777407b2492255e5dd94aadef16479') in 0.020199 seconds
  Import took 0.023024 seconds .

========================================================================
Received Import Request.
  Time since last request: 185.662849 seconds.
  path: Assets/Scenes/Menu.unity
  artifactKey: Guid(1eb2dbe67cff97445ab0650bb141d63a) Importer(815301076,1909f56bfc062723c751e8b465ee728b)
Start importing Assets/Scenes/Menu.unity using Guid(1eb2dbe67cff97445ab0650bb141d63a) Importer(815301076,1909f56bfc062723c751e8b465ee728b)  -> (artifact id: '8958a31918412c1c30f26ff94907b7d1') in 0.006838 seconds
  Import took 0.009930 seconds .

========================================================================
Received Prepare
Registering precompiled user dll's ...
Registered in 0.000956 seconds.
Begin MonoManager ReloadAssembly
Native extension for WindowsStandalone target not found
Native extension for WebGL target not found
Refreshing native plugins compatible for Editor in 0.38 ms, found 0 plugins.
Preloading 0 native plugins for Editor in 0.00 ms.
Invoked RoslynAnalysisRunner static constructor.
RoslynAnalysisRunner will not be running.
RoslynAnalysisRunner has terminated.
Mono: successfully reloaded assembly
- Completed reload, in  0.851 seconds
Platform modules already initialized, skipping
Refreshing native plugins compatible for Editor in 0.39 ms, found 0 plugins.
Preloading 0 native plugins for Editor in 0.00 ms.
Unloading 1618 Unused Serialized files (Serialized files now loaded: 0)
System memory in use before: 161.8 MB.
System memory in use after: 161.9 MB.

Unloading 5 unused Assets to reduce memory usage. Loaded Objects now: 2126.
Total: 1.973600 ms (FindLiveObjects: 0.182600 ms CreateObjectMapping: 0.067100 ms MarkObjects: 1.707500 ms  DeleteObjects: 0.014800 ms)

========================================================================
Received Prepare
Registering precompiled user dll's ...
Registered in 0.001063 seconds.
Begin MonoManager ReloadAssembly
Native extension for WindowsStandalone target not found
Native extension for WebGL target not found
Refreshing native plugins compatible for Editor in 0.42 ms, found 0 plugins.
Preloading 0 native plugins for Editor in 0.00 ms.
Invoked RoslynAnalysisRunner static constructor.
RoslynAnalysisRunner will not be running.
RoslynAnalysisRunner has terminated.
Mono: successfully reloaded assembly
- Completed reload, in  1.098 seconds
Platform modules already initialized, skipping
Refreshing native plugins compatible for Editor in 0.38 ms, found 0 plugins.
Preloading 0 native plugins for Editor in 0.00 ms.
Unloading 1618 Unused Serialized files (Serialized files now loaded: 0)
System memory in use before: 161.8 MB.
System memory in use after: 161.9 MB.

Unloading 5 unused Assets to reduce memory usage. Loaded Objects now: 2129.
Total: 1.894300 ms (FindLiveObjects: 0.182600 ms CreateObjectMapping: 0.062500 ms MarkObjects: 1.632200 ms  DeleteObjects: 0.016000 ms)

========================================================================
Received Prepare
Registering precompiled user dll's ...
Registered in 0.000937 seconds.
Begin MonoManager ReloadAssembly
Native extension for WindowsStandalone target not found
Native extension for WebGL target not found
Refreshing native plugins compatible for Editor in 0.41 ms, found 0 plugins.
Preloading 0 native plugins for Editor in 0.00 ms.
Invoked RoslynAnalysisRunner static constructor.
RoslynAnalysisRunner will not be running.
RoslynAnalysisRunner has terminated.
Mono: successfully reloaded assembly
- Completed reload, in  0.844 seconds
Platform modules already initialized, skipping
Refreshing native plugins compatible for Editor in 0.40 ms, found 0 plugins.
Preloading 0 native plugins for Editor in 0.00 ms.
Unloading 1618 Unused Serialized files (Serialized files now loaded: 0)
System memory in use before: 161.8 MB.
System memory in use after: 161.9 MB.

Unloading 5 unused Assets to reduce memory usage. Loaded Objects now: 2132.
Total: 1.936400 ms (FindLiveObjects: 0.179000 ms CreateObjectMapping: 0.116900 ms MarkObjects: 1.593700 ms  DeleteObjects: 0.044400 ms)

========================================================================
Received Prepare
Registering precompiled user dll's ...
Registered in 0.000892 seconds.
Begin MonoManager ReloadAssembly
Native extension for WindowsStandalone target not found
Native extension for WebGL target not found
Refreshing native plugins compatible for Editor in 0.72 ms, found 0 plugins.
Preloading 0 native plugins for Editor in 0.00 ms.
Invoked RoslynAnalysisRunner static constructor.
RoslynAnalysisRunner will not be running.
RoslynAnalysisRunner has terminated.
Mono: successfully reloaded assembly
- Completed reload, in  1.180 seconds
Platform modules already initialized, skipping
Refreshing native plugins compatible for Editor in 0.42 ms, found 0 plugins.
Preloading 0 native plugins for Editor in 0.00 ms.
Unloading 1618 Unused Serialized files (Serialized files now loaded: 0)
System memory in use before: 161.8 MB.
System memory in use after: 161.9 MB.

Unloading 5 unused Assets to reduce memory usage. Loaded Objects now: 2135.
Total: 2.011600 ms (FindLiveObjects: 0.197900 ms CreateObjectMapping: 0.070100 ms MarkObjects: 1.689200 ms  DeleteObjects: 0.053000 ms)

========================================================================
Received Prepare
Registering precompiled user dll's ...
Registered in 0.000927 seconds.
Begin MonoManager ReloadAssembly
Native extension for WindowsStandalone target not found
Native extension for WebGL target not found
Refreshing native plugins compatible for Editor in 0.38 ms, found 0 plugins.
Preloading 0 native plugins for Editor in 0.00 ms.
Invoked RoslynAnalysisRunner static constructor.
RoslynAnalysisRunner will not be running.
RoslynAnalysisRunner has terminated.
Mono: successfully reloaded assembly
- Completed reload, in  0.892 seconds
Platform modules already initialized, skipping
Refreshing native plugins compatible for Editor in 0.39 ms, found 0 plugins.
Preloading 0 native plugins for Editor in 0.00 ms.
Unloading 1618 Unused Serialized files (Serialized files now loaded: 0)
System memory in use before: 161.8 MB.
System memory in use after: 161.9 MB.

Unloading 5 unused Assets to reduce memory usage. Loaded Objects now: 2138.
Total: 1.755900 ms (FindLiveObjects: 0.172000 ms CreateObjectMapping: 0.073700 ms MarkObjects: 1.472900 ms  DeleteObjects: 0.036300 ms)

========================================================================
Received Prepare
Registering precompiled user dll's ...
Registered in 0.000956 seconds.
Begin MonoManager ReloadAssembly
Native extension for WindowsStandalone target not found
Native extension for WebGL target not found
Refreshing native plugins compatible for Editor in 0.43 ms, found 0 plugins.
Preloading 0 native plugins for Editor in 0.00 ms.
Invoked RoslynAnalysisRunner static constructor.
RoslynAnalysisRunner will not be running.
RoslynAnalysisRunner has terminated.
Mono: successfully reloaded assembly
- Completed reload, in  1.148 seconds
Platform modules already initialized, skipping
Refreshing native plugins compatible for Editor in 0.38 ms, found 0 plugins.
Preloading 0 native plugins for Editor in 0.00 ms.
Unloading 1618 Unused Serialized files (Serialized files now loaded: 0)
System memory in use before: 161.8 MB.
System memory in use after: 161.9 MB.

Unloading 5 unused Assets to reduce memory usage. Loaded Objects now: 2141.
Total: 2.049600 ms (FindLiveObjects: 0.173800 ms CreateObjectMapping: 0.060600 ms MarkObjects: 1.796700 ms  DeleteObjects: 0.016900 ms)

========================================================================
Received Prepare
Registering precompiled user dll's ...
Registered in 0.001189 seconds.
Begin MonoManager ReloadAssembly
Native extension for WindowsStandalone target not found
Native extension for WebGL target not found
Refreshing native plugins compatible for Editor in 0.40 ms, found 0 plugins.
Preloading 0 native plugins for Editor in 0.00 ms.
Invoked RoslynAnalysisRunner static constructor.
RoslynAnalysisRunner will not be running.
RoslynAnalysisRunner has terminated.
Mono: successfully reloaded assembly
- Completed reload, in  0.880 seconds
Platform modules already initialized, skipping
Refreshing native plugins compatible for Editor in 0.42 ms, found 0 plugins.
Preloading 0 native plugins for Editor in 0.00 ms.
Unloading 1618 Unused Serialized files (Serialized files now loaded: 0)
System memory in use before: 161.8 MB.
System memory in use after: 161.9 MB.

Unloading 5 unused Assets to reduce memory usage. Loaded Objects now: 2144.
Total: 2.065200 ms (FindLiveObjects: 0.205100 ms CreateObjectMapping: 0.066700 ms MarkObjects: 1.777900 ms  DeleteObjects: 0.014400 ms)

========================================================================
Received Import Request.
  Time since last request: 18133.476037 seconds.
  path: Assets/Prefabs/Items/Arrows.prefab
  artifactKey: Guid(bb95d7f0a10648247abcb7019128d75f) Importer(815301076,1909f56bfc062723c751e8b465ee728b)
Start importing Assets/Prefabs/Items/Arrows.prefab using Guid(bb95d7f0a10648247abcb7019128d75f) Importer(815301076,1909f56bfc062723c751e8b465ee728b)  -> (artifact id: '0f57b354b1b6292bdc800ab7078b96e7') in 0.156645 seconds
  Import took 0.161167 seconds .

========================================================================
Received Import Request.
  Time since last request: 0.000390 seconds.
  path: Assets/Prefabs/Items/Heart.prefab
  artifactKey: Guid(c8ab64774b00c374db95f726fc8f32c4) Importer(815301076,1909f56bfc062723c751e8b465ee728b)
Start importing Assets/Prefabs/Items/Heart.prefab using Guid(c8ab64774b00c374db95f726fc8f32c4) Importer(815301076,1909f56bfc062723c751e8b465ee728b)  -> (artifact id: 'a7982a3fabb2512472cd591208188685') in 0.026717 seconds
  Import took 0.031271 seconds .

========================================================================
Received Import Request.
  Time since last request: 0.000059 seconds.
  path: Assets/Prefabs/Items/Points.prefab
  artifactKey: Guid(693781304e7f6c64bbd3a47b8b4a591d) Importer(815301076,1909f56bfc062723c751e8b465ee728b)
Start importing Assets/Prefabs/Items/Points.prefab using Guid(693781304e7f6c64bbd3a47b8b4a591d) Importer(815301076,1909f56bfc062723c751e8b465ee728b)  -> (artifact id: '2a14f95753a29eb17eab403b4d99fbbe') in 0.018762 seconds
  Import took 0.024064 seconds .

========================================================================
Received Import Request.
  Time since last request: 7.233441 seconds.
  path: Assets/Prefabs/Items/Arrows.prefab
  artifactKey: Guid(bb95d7f0a10648247abcb7019128d75f) Importer(815301076,1909f56bfc062723c751e8b465ee728b)
Start importing Assets/Prefabs/Items/Arrows.prefab using Guid(bb95d7f0a10648247abcb7019128d75f) Importer(815301076,1909f56bfc062723c751e8b465ee728b)  -> (artifact id: '5a7ad392c50de77ee3231c03f9bbcfe0') in 0.029428 seconds
  Import took 0.033804 seconds .

========================================================================
Received Import Request.
  Time since last request: 4.549626 seconds.
  path: Assets/Prefabs/Items/Arrows.prefab
  artifactKey: Guid(bb95d7f0a10648247abcb7019128d75f) Importer(815301076,1909f56bfc062723c751e8b465ee728b)
Start importing Assets/Prefabs/Items/Arrows.prefab using Guid(bb95d7f0a10648247abcb7019128d75f) Importer(815301076,1909f56bfc062723c751e8b465ee728b)  -> (artifact id: 'ddb56f65c7e4002cdf3e62f26be807bd') in 0.028137 seconds
  Import took 0.033060 seconds .

========================================================================
Received Import Request.
  Time since last request: 31.880372 seconds.
  path: Assets/Prefabs/Items/Heart.prefab
  artifactKey: Guid(c8ab64774b00c374db95f726fc8f32c4) Importer(815301076,1909f56bfc062723c751e8b465ee728b)
Start importing Assets/Prefabs/Items/Heart.prefab using Guid(c8ab64774b00c374db95f726fc8f32c4) Importer(815301076,1909f56bfc062723c751e8b465ee728b)  -> (artifact id: 'd34345c7007296f97a033b10e07aa6f3') in 0.018149 seconds
  Import took 0.022119 seconds .

========================================================================
Received Import Request.
  Time since last request: 4.555402 seconds.
  path: Assets/Prefabs/Items/Heart.prefab
  artifactKey: Guid(c8ab64774b00c374db95f726fc8f32c4) Importer(815301076,1909f56bfc062723c751e8b465ee728b)
Start importing Assets/Prefabs/Items/Heart.prefab using Guid(c8ab64774b00c374db95f726fc8f32c4) Importer(815301076,1909f56bfc062723c751e8b465ee728b)  -> (artifact id: '11fa1f4f88bb90f9042876da169a4b14') in 0.018708 seconds
  Import took 0.025584 seconds .

========================================================================
Received Prepare
Registering precompiled user dll's ...
Registered in 0.001772 seconds.
Begin MonoManager ReloadAssembly
Native extension for WindowsStandalone target not found
Native extension for WebGL target not found
Refreshing native plugins compatible for Editor in 0.39 ms, found 0 plugins.
Preloading 0 native plugins for Editor in 0.00 ms.
Invoked RoslynAnalysisRunner static constructor.
RoslynAnalysisRunner will not be running.
RoslynAnalysisRunner has terminated.
Mono: successfully reloaded assembly
- Completed reload, in  0.926 seconds
Platform modules already initialized, skipping
Refreshing native plugins compatible for Editor in 0.41 ms, found 0 plugins.
Preloading 0 native plugins for Editor in 0.00 ms.
Unloading 1618 Unused Serialized files (Serialized files now loaded: 0)
System memory in use before: 165.0 MB.
System memory in use after: 165.1 MB.

Unloading 5 unused Assets to reduce memory usage. Loaded Objects now: 2155.
Total: 1.894900 ms (FindLiveObjects: 0.191900 ms CreateObjectMapping: 0.061700 ms MarkObjects: 1.610000 ms  DeleteObjects: 0.030000 ms)

========================================================================
Received Import Request.
  Time since last request: 298.812583 seconds.
  path: Assets/Prefabs/Items/Points.prefab
  artifactKey: Guid(693781304e7f6c64bbd3a47b8b4a591d) Importer(815301076,1909f56bfc062723c751e8b465ee728b)
Start importing Assets/Prefabs/Items/Points.prefab using Guid(693781304e7f6c64bbd3a47b8b4a591d) Importer(815301076,1909f56bfc062723c751e8b465ee728b)  -> (artifact id: '0668760b3adfa2c5c7bdea9a0d7f9442') in 0.045279 seconds
  Import took 0.050592 seconds .

========================================================================
Received Import Request.
  Time since last request: 2.351666 seconds.
  path: Assets/Prefabs/Items/Points.prefab
  artifactKey: Guid(693781304e7f6c64bbd3a47b8b4a591d) Importer(815301076,1909f56bfc062723c751e8b465ee728b)
Start importing Assets/Prefabs/Items/Points.prefab using Guid(693781304e7f6c64bbd3a47b8b4a591d) Importer(815301076,1909f56bfc062723c751e8b465ee728b)  -> (artifact id: 'b3d01c242d7e3410e752106d6749c0e7') in 0.006207 seconds
  Import took 0.009681 seconds .

========================================================================
Received Prepare
Registering precompiled user dll's ...
Registered in 0.000941 seconds.
Begin MonoManager ReloadAssembly
Native extension for WindowsStandalone target not found
Native extension for WebGL target not found
Refreshing native plugins compatible for Editor in 0.38 ms, found 0 plugins.
Preloading 0 native plugins for Editor in 0.00 ms.
Invoked RoslynAnalysisRunner static constructor.
RoslynAnalysisRunner will not be running.
RoslynAnalysisRunner has terminated.
Mono: successfully reloaded assembly
- Completed reload, in  0.858 seconds
Platform modules already initialized, skipping
Refreshing native plugins compatible for Editor in 0.38 ms, found 0 plugins.
Preloading 0 native plugins for Editor in 0.00 ms.
Unloading 1618 Unused Serialized files (Serialized files now loaded: 0)
System memory in use before: 165.0 MB.
System memory in use after: 165.1 MB.

Unloading 5 unused Assets to reduce memory usage. Loaded Objects now: 2158.
Total: 1.902300 ms (FindLiveObjects: 0.198900 ms CreateObjectMapping: 0.073300 ms MarkObjects: 1.589000 ms  DeleteObjects: 0.039400 ms)

========================================================================
Received Prepare
Registering precompiled user dll's ...
Registered in 0.000944 seconds.
Begin MonoManager ReloadAssembly
Native extension for WindowsStandalone target not found
Native extension for WebGL target not found
Refreshing native plugins compatible for Editor in 0.48 ms, found 0 plugins.
Preloading 0 native plugins for Editor in 0.00 ms.
Invoked RoslynAnalysisRunner static constructor.
RoslynAnalysisRunner will not be running.
RoslynAnalysisRunner has terminated.
Mono: successfully reloaded assembly
- Completed reload, in  0.888 seconds
Platform modules already initialized, skipping
Refreshing native plugins compatible for Editor in 0.38 ms, found 0 plugins.
Preloading 0 native plugins for Editor in 0.00 ms.
Unloading 1618 Unused Serialized files (Serialized files now loaded: 0)
System memory in use before: 165.0 MB.
System memory in use after: 165.1 MB.

Unloading 5 unused Assets to reduce memory usage. Loaded Objects now: 2161.
Total: 2.034000 ms (FindLiveObjects: 0.195000 ms CreateObjectMapping: 0.058900 ms MarkObjects: 1.733200 ms  DeleteObjects: 0.045300 ms)

========================================================================
Received Import Request.
  Time since last request: 3578.943711 seconds.
  path: Assets/ThirdParyAssets
  artifactKey: Guid(b212da9a7828e8d42bc8b6cca74af25e) Importer(815301076,1909f56bfc062723c751e8b465ee728b)
Start importing Assets/ThirdParyAssets using Guid(b212da9a7828e8d42bc8b6cca74af25e) Importer(815301076,1909f56bfc062723c751e8b465ee728b)  -> (artifact id: '6532e0a8dcf9877d827a7ce9a7c6ab1f') in 0.014563 seconds
  Import took 0.019107 seconds .

========================================================================
Received Prepare
Registering precompiled user dll's ...
Registered in 0.000993 seconds.
Begin MonoManager ReloadAssembly
Native extension for WindowsStandalone target not found
Native extension for WebGL target not found
Refreshing native plugins compatible for Editor in 0.38 ms, found 0 plugins.
Preloading 0 native plugins for Editor in 0.00 ms.
Invoked RoslynAnalysisRunner static constructor.
RoslynAnalysisRunner will not be running.
RoslynAnalysisRunner has terminated.
Mono: successfully reloaded assembly
- Completed reload, in  0.888 seconds
Platform modules already initialized, skipping
Refreshing native plugins compatible for Editor in 0.39 ms, found 0 plugins.
Preloading 0 native plugins for Editor in 0.00 ms.
Unloading 1618 Unused Serialized files (Serialized files now loaded: 0)
System memory in use before: 165.0 MB.
System memory in use after: 165.1 MB.

Unloading 5 unused Assets to reduce memory usage. Loaded Objects now: 2164.
Total: 2.013200 ms (FindLiveObjects: 0.184300 ms CreateObjectMapping: 0.066500 ms MarkObjects: 1.733800 ms  DeleteObjects: 0.027500 ms)

========================================================================
Received Prepare
Registering precompiled user dll's ...
Registered in 0.001201 seconds.
Begin MonoManager ReloadAssembly
Native extension for WindowsStandalone target not found
Native extension for WebGL target not found
Refreshing native plugins compatible for Editor in 0.38 ms, found 0 plugins.
Preloading 0 native plugins for Editor in 0.00 ms.
Invoked RoslynAnalysisRunner static constructor.
RoslynAnalysisRunner will not be running.
RoslynAnalysisRunner has terminated.
Mono: successfully reloaded assembly
- Completed reload, in  0.863 seconds
Platform modules already initialized, skipping
Refreshing native plugins compatible for Editor in 0.42 ms, found 0 plugins.
Preloading 0 native plugins for Editor in 0.00 ms.
Unloading 1618 Unused Serialized files (Serialized files now loaded: 0)
System memory in use before: 165.0 MB.
System memory in use after: 165.1 MB.

Unloading 5 unused Assets to reduce memory usage. Loaded Objects now: 2167.
Total: 1.995900 ms (FindLiveObjects: 0.190200 ms CreateObjectMapping: 0.073800 ms MarkObjects: 1.700300 ms  DeleteObjects: 0.030200 ms)

========================================================================
Received Prepare
Registering precompiled user dll's ...
Registered in 0.001065 seconds.
Begin MonoManager ReloadAssembly
Native extension for WindowsStandalone target not found
Native extension for WebGL target not found
Refreshing native plugins compatible for Editor in 0.48 ms, found 0 plugins.
Preloading 0 native plugins for Editor in 0.00 ms.
Invoked RoslynAnalysisRunner static constructor.
RoslynAnalysisRunner will not be running.
RoslynAnalysisRunner has terminated.
Mono: successfully reloaded assembly
- Completed reload, in  0.879 seconds
Platform modules already initialized, skipping
Refreshing native plugins compatible for Editor in 0.39 ms, found 0 plugins.
Preloading 0 native plugins for Editor in 0.00 ms.
Unloading 1618 Unused Serialized files (Serialized files now loaded: 0)
System memory in use before: 165.0 MB.
System memory in use after: 165.1 MB.

Unloading 5 unused Assets to reduce memory usage. Loaded Objects now: 2170.
Total: 1.927600 ms (FindLiveObjects: 0.230500 ms CreateObjectMapping: 0.062100 ms MarkObjects: 1.607800 ms  DeleteObjects: 0.026300 ms)

========================================================================
Received Import Request.
  Time since last request: 58.608483 seconds.
  path: Assets/Animations/Bow
  artifactKey: Guid(ccb918889bc8d244dbf8e2ee8c1b749d) Importer(815301076,1909f56bfc062723c751e8b465ee728b)
Start importing Assets/Animations/Bow using Guid(ccb918889bc8d244dbf8e2ee8c1b749d) Importer(815301076,1909f56bfc062723c751e8b465ee728b)  -> (artifact id: '90625704b8cf129b97bb68bfc6ba852b') in 0.015083 seconds
  Import took 0.018168 seconds .

========================================================================
Received Import Request.
  Time since last request: 7.087786 seconds.
  path: Assets/Animations/prepare.anim
  artifactKey: Guid(5cf3d2633e9d29449a0c3e7b7eedb89d) Importer(815301076,1909f56bfc062723c751e8b465ee728b)
Start importing Assets/Animations/prepare.anim using Guid(5cf3d2633e9d29449a0c3e7b7eedb89d) Importer(815301076,1909f56bfc062723c751e8b465ee728b)  -> (artifact id: '2fa4ce9f7fd127e2ebf92969e07c53a8') in 0.035137 seconds
  Import took 0.039633 seconds .

========================================================================
Received Import Request.
  Time since last request: 9.818469 seconds.
  path: Assets/Animations/Bow/Bow.controller
  artifactKey: Guid(8c701c8821a3fca4c8bac72b3078bb4a) Importer(815301076,1909f56bfc062723c751e8b465ee728b)
Start importing Assets/Animations/Bow/Bow.controller using Guid(8c701c8821a3fca4c8bac72b3078bb4a) Importer(815301076,1909f56bfc062723c751e8b465ee728b)  -> (artifact id: 'cb1de5d0723d6ba0f6aef654ff1e77ba') in 0.010641 seconds
  Import took 0.013571 seconds .

========================================================================
Received Import Request.
  Time since last request: 1.374161 seconds.
  path: Assets/Animations/Bow/ArrowController.controller
  artifactKey: Guid(a51620a819ff2c340ae68a2843cf340b) Importer(815301076,1909f56bfc062723c751e8b465ee728b)
Start importing Assets/Animations/Bow/ArrowController.controller using Guid(a51620a819ff2c340ae68a2843cf340b) Importer(815301076,1909f56bfc062723c751e8b465ee728b)  -> (artifact id: 'aec9ca0020eb58e42d618bbc787cad6a') in 0.010989 seconds
  Import took 0.014252 seconds .

========================================================================
Received Import Request.
  Time since last request: 152.645040 seconds.
  path: Assets/Prefabs/Weapons
  artifactKey: Guid(677094ba5973b3d4ba59cb1b898c0c10) Importer(815301076,1909f56bfc062723c751e8b465ee728b)
Start importing Assets/Prefabs/Weapons using Guid(677094ba5973b3d4ba59cb1b898c0c10) Importer(815301076,1909f56bfc062723c751e8b465ee728b)  -> (artifact id: 'b42bdea43493773e3e5987b34f61a282') in 0.010225 seconds
  Import took 0.014934 seconds .

========================================================================
Received Import Request.
  Time since last request: 5.805829 seconds.
  path: Assets/Prefabs/Weapons/skeleton_archer_bow.prefab
  artifactKey: Guid(9add62b5a361549428a5978feb122996) Importer(815301076,1909f56bfc062723c751e8b465ee728b)
Start importing Assets/Prefabs/Weapons/skeleton_archer_bow.prefab using Guid(9add62b5a361549428a5978feb122996) Importer(815301076,1909f56bfc062723c751e8b465ee728b)  -> (artifact id: 'af018aae23c8d98037e23516cea390d7') in 0.107643 seconds
  Import took 0.111339 seconds .

========================================================================
Received Import Request.
  Time since last request: 6.808284 seconds.
  path: Assets/Prefabs/Weapons/skeleton_archer_bow.prefab
  artifactKey: Guid(9add62b5a361549428a5978feb122996) Importer(815301076,1909f56bfc062723c751e8b465ee728b)
Start importing Assets/Prefabs/Weapons/skeleton_archer_bow.prefab using Guid(9add62b5a361549428a5978feb122996) Importer(815301076,1909f56bfc062723c751e8b465ee728b)  -> (artifact id: '13f569f088ee55fdc9284027fb37782e') in 0.032296 seconds
  Import took 0.036197 seconds .

========================================================================
Received Import Request.
  Time since last request: 4.192692 seconds.
  path: Assets/Prefabs/Weapons/skeleton_archer_bow.prefab
  artifactKey: Guid(9add62b5a361549428a5978feb122996) Importer(815301076,1909f56bfc062723c751e8b465ee728b)
Start importing Assets/Prefabs/Weapons/skeleton_archer_bow.prefab using Guid(9add62b5a361549428a5978feb122996) Importer(815301076,1909f56bfc062723c751e8b465ee728b)  -> (artifact id: 'e3bab1ffe3b4777c8347edea4fcda719') in 0.040561 seconds
  Import took 0.044344 seconds .

========================================================================
Received Import Request.
  Time since last request: 2.371023 seconds.
  path: Assets/Prefabs/Weapons/skeleton_archer_bow.prefab
  artifactKey: Guid(9add62b5a361549428a5978feb122996) Importer(815301076,1909f56bfc062723c751e8b465ee728b)
Start importing Assets/Prefabs/Weapons/skeleton_archer_bow.prefab using Guid(9add62b5a361549428a5978feb122996) Importer(815301076,1909f56bfc062723c751e8b465ee728b)  -> (artifact id: '2d715fe480b01583d5322e23f5e13e61') in 0.025107 seconds
  Import took 0.029621 seconds .

========================================================================
Received Import Request.
  Time since last request: 10.685042 seconds.
  path: Assets/Prefabs/Weapons/skeleton_archer_bow.prefab
  artifactKey: Guid(9add62b5a361549428a5978feb122996) Importer(815301076,1909f56bfc062723c751e8b465ee728b)
Start importing Assets/Prefabs/Weapons/skeleton_archer_bow.prefab using Guid(9add62b5a361549428a5978feb122996) Importer(815301076,1909f56bfc062723c751e8b465ee728b)  -> (artifact id: '1ef3a7d46053ff3297578d87053ce8b2') in 0.024448 seconds
  Import took 0.029552 seconds .

========================================================================
Received Import Request.
  Time since last request: 16.544511 seconds.
  path: Assets/Prefabs/Weapons/skeleton_archer_bow.prefab
  artifactKey: Guid(9add62b5a361549428a5978feb122996) Importer(815301076,1909f56bfc062723c751e8b465ee728b)
Start importing Assets/Prefabs/Weapons/skeleton_archer_bow.prefab using Guid(9add62b5a361549428a5978feb122996) Importer(815301076,1909f56bfc062723c751e8b465ee728b)  -> (artifact id: 'c63f0d6b4a2c6dc79f2d7d472be717fe') in 0.026799 seconds
  Import took 0.030354 seconds .

========================================================================
Received Import Request.
  Time since last request: 2.703671 seconds.
  path: Assets/Prefabs/Weapons/skeleton_archer_bow.prefab
  artifactKey: Guid(9add62b5a361549428a5978feb122996) Importer(815301076,1909f56bfc062723c751e8b465ee728b)
Start importing Assets/Prefabs/Weapons/skeleton_archer_bow.prefab using Guid(9add62b5a361549428a5978feb122996) Importer(815301076,1909f56bfc062723c751e8b465ee728b)  -> (artifact id: '0d5c7cde618e2b25329614430d685883') in 0.028907 seconds
  Import took 0.034145 seconds .

========================================================================
Received Import Request.
  Time since last request: 24.975175 seconds.
  path: Assets/Prefabs/Weapons/PlayerBow.prefab
  artifactKey: Guid(9add62b5a361549428a5978feb122996) Importer(815301076,1909f56bfc062723c751e8b465ee728b)
Start importing Assets/Prefabs/Weapons/PlayerBow.prefab using Guid(9add62b5a361549428a5978feb122996) Importer(815301076,1909f56bfc062723c751e8b465ee728b)  -> (artifact id: '8be9c479a1c3e259144a56618ed3eb30') in 0.030403 seconds
  Import took 0.034338 seconds .

========================================================================
Received Prepare
Registering precompiled user dll's ...
Registered in 0.001333 seconds.
Begin MonoManager ReloadAssembly
Native extension for WindowsStandalone target not found
Native extension for WebGL target not found
Refreshing native plugins compatible for Editor in 0.38 ms, found 0 plugins.
Preloading 0 native plugins for Editor in 0.00 ms.
Invoked RoslynAnalysisRunner static constructor.
RoslynAnalysisRunner will not be running.
RoslynAnalysisRunner has terminated.
Mono: successfully reloaded assembly
- Completed reload, in  0.926 seconds
Platform modules already initialized, skipping
Refreshing native plugins compatible for Editor in 0.41 ms, found 0 plugins.
Preloading 0 native plugins for Editor in 0.00 ms.
Unloading 1618 Unused Serialized files (Serialized files now loaded: 0)
System memory in use before: 179.1 MB.
System memory in use after: 179.2 MB.

Unloading 5 unused Assets to reduce memory usage. Loaded Objects now: 2175.
Total: 4.953600 ms (FindLiveObjects: 0.572500 ms CreateObjectMapping: 0.125400 ms MarkObjects: 4.211400 ms  DeleteObjects: 0.028600 ms)

========================================================================
Received Import Request.
  Time since last request: 96.052618 seconds.
  path: Assets/Prefabs/Weapons/PlayerBow.prefab
  artifactKey: Guid(9add62b5a361549428a5978feb122996) Importer(815301076,1909f56bfc062723c751e8b465ee728b)
Start importing Assets/Prefabs/Weapons/PlayerBow.prefab using Guid(9add62b5a361549428a5978feb122996) Importer(815301076,1909f56bfc062723c751e8b465ee728b)  -> (artifact id: '4fe05631910778c578f037129144019a') in 0.081018 seconds
  Import took 0.084195 seconds .

========================================================================
Received Import Request.
  Time since last request: 1.743969 seconds.
  path: Assets/Prefabs/Weapons/PlayerBow.prefab
  artifactKey: Guid(9add62b5a361549428a5978feb122996) Importer(815301076,1909f56bfc062723c751e8b465ee728b)
Start importing Assets/Prefabs/Weapons/PlayerBow.prefab using Guid(9add62b5a361549428a5978feb122996) Importer(815301076,1909f56bfc062723c751e8b465ee728b)  -> (artifact id: '0911a2ddac82705d486b4d4ed04647ba') in 0.026378 seconds
  Import took 0.030005 seconds .

========================================================================
Received Import Request.
  Time since last request: 2.790107 seconds.
  path: Assets/Prefabs/Weapons/PlayerBow.prefab
  artifactKey: Guid(9add62b5a361549428a5978feb122996) Importer(815301076,1909f56bfc062723c751e8b465ee728b)
Start importing Assets/Prefabs/Weapons/PlayerBow.prefab using Guid(9add62b5a361549428a5978feb122996) Importer(815301076,1909f56bfc062723c751e8b465ee728b)  -> (artifact id: '814e160077c21b429df5c0a0c1c63327') in 0.025757 seconds
  Import took 0.029456 seconds .

========================================================================
Received Import Request.
  Time since last request: 6.233690 seconds.
  path: Assets/Prefabs/Weapons/PlayerBow.prefab
  artifactKey: Guid(9add62b5a361549428a5978feb122996) Importer(815301076,1909f56bfc062723c751e8b465ee728b)
Start importing Assets/Prefabs/Weapons/PlayerBow.prefab using Guid(9add62b5a361549428a5978feb122996) Importer(815301076,1909f56bfc062723c751e8b465ee728b)  -> (artifact id: '553d743b1756d3b7eb2279891f54fc9e') in 0.024544 seconds
  Import took 0.028442 seconds .

========================================================================
Received Prepare
Registering precompiled user dll's ...
Registered in 0.001124 seconds.
Begin MonoManager ReloadAssembly
Native extension for WindowsStandalone target not found
Native extension for WebGL target not found
Refreshing native plugins compatible for Editor in 0.40 ms, found 0 plugins.
Preloading 0 native plugins for Editor in 0.00 ms.
Invoked RoslynAnalysisRunner static constructor.
RoslynAnalysisRunner will not be running.
RoslynAnalysisRunner has terminated.
Mono: successfully reloaded assembly
- Completed reload, in  1.019 seconds
Platform modules already initialized, skipping
Refreshing native plugins compatible for Editor in 0.39 ms, found 0 plugins.
Preloading 0 native plugins for Editor in 0.00 ms.
Unloading 1618 Unused Serialized files (Serialized files now loaded: 0)
System memory in use before: 179.1 MB.
System memory in use after: 179.2 MB.

Unloading 5 unused Assets to reduce memory usage. Loaded Objects now: 2179.
Total: 1.791700 ms (FindLiveObjects: 0.177600 ms CreateObjectMapping: 0.057300 ms MarkObjects: 1.540800 ms  DeleteObjects: 0.014700 ms)

========================================================================
Received Import Request.
  Time since last request: 1898.320461 seconds.
  path: Assets/Scenes/Menu.unity
  artifactKey: Guid(1eb2dbe67cff97445ab0650bb141d63a) Importer(815301076,1909f56bfc062723c751e8b465ee728b)
Start importing Assets/Scenes/Menu.unity using Guid(1eb2dbe67cff97445ab0650bb141d63a) Importer(815301076,1909f56bfc062723c751e8b465ee728b)  -> (artifact id: 'e87239079f5b23f2f73a135aa1aba9eb') in 0.023390 seconds
  Import took 0.026641 seconds .

========================================================================
Received Prepare
Registering precompiled user dll's ...
Registered in 0.001041 seconds.
Begin MonoManager ReloadAssembly
Native extension for WindowsStandalone target not found
Native extension for WebGL target not found
Refreshing native plugins compatible for Editor in 0.40 ms, found 0 plugins.
Preloading 0 native plugins for Editor in 0.00 ms.
Invoked RoslynAnalysisRunner static constructor.
RoslynAnalysisRunner will not be running.
RoslynAnalysisRunner has terminated.
Mono: successfully reloaded assembly
- Completed reload, in  1.035 seconds
Platform modules already initialized, skipping
Refreshing native plugins compatible for Editor in 0.39 ms, found 0 plugins.
Preloading 0 native plugins for Editor in 0.00 ms.
Unloading 1618 Unused Serialized files (Serialized files now loaded: 0)
System memory in use before: 179.1 MB.
System memory in use after: 179.2 MB.

Unloading 5 unused Assets to reduce memory usage. Loaded Objects now: 2182.
Total: 4.417300 ms (FindLiveObjects: 0.842200 ms CreateObjectMapping: 0.103700 ms MarkObjects: 3.447500 ms  DeleteObjects: 0.021800 ms)

AssetImportWorkerClient::OnTransportError - code=2 error=End of file
